06-May-2023 18:29:32.896 INFO [main] org.apache.catalina.startup.VersionLoggerListener.log Nombre de la versión del servidor: Apache Tomcat/10.1.8
06-May-2023 18:29:32.911 INFO [main] org.apache.catalina.startup.VersionLoggerListener.log Server built:                      Apr 14 2023 19:40:29 UTC
06-May-2023 18:29:32.911 INFO [main] org.apache.catalina.startup.VersionLoggerListener.log Número de versión de servidor:     10.1.8.0
06-May-2023 18:29:32.911 INFO [main] org.apache.catalina.startup.VersionLoggerListener.log OS Name:                           Windows 11
06-May-2023 18:29:32.911 INFO [main] org.apache.catalina.startup.VersionLoggerListener.log Versión de Systema Operativo:      10.0
06-May-2023 18:29:32.911 INFO [main] org.apache.catalina.startup.VersionLoggerListener.log Arquitectura:                      amd64
06-May-2023 18:29:32.911 INFO [main] org.apache.catalina.startup.VersionLoggerListener.log Java Home:                         C:\Program Files\Java\jdk-11
06-May-2023 18:29:32.911 INFO [main] org.apache.catalina.startup.VersionLoggerListener.log JVM Version:                       11.0.18+9-LTS-195
06-May-2023 18:29:32.911 INFO [main] org.apache.catalina.startup.VersionLoggerListener.log Vededor JVM:                       Oracle Corporation
06-May-2023 18:29:32.911 INFO [main] org.apache.catalina.startup.VersionLoggerListener.log CATALINA_BASE:                     C:\Users\User\Documents\apache-tomcat-10.1.8
06-May-2023 18:29:32.911 INFO [main] org.apache.catalina.startup.VersionLoggerListener.log CATALINA_HOME:                     C:\Users\User\Documents\apache-tomcat-10.1.8
06-May-2023 18:29:32.974 INFO [main] org.apache.catalina.startup.VersionLoggerListener.log Command line argument:             -Djava.util.logging.config.file=C:\Users\User\Documents\apache-tomcat-10.1.8\conf\logging.properties
06-May-2023 18:29:32.974 INFO [main] org.apache.catalina.startup.VersionLoggerListener.log Command line argument:             -Djava.util.logging.manager=org.apache.juli.ClassLoaderLogManager
06-May-2023 18:29:32.974 INFO [main] org.apache.catalina.startup.VersionLoggerListener.log Command line argument:             -Dhttp.nonProxyHosts=localhost|127.0.0.1|DESKTOP-5E47I13
06-May-2023 18:29:32.974 INFO [main] org.apache.catalina.startup.VersionLoggerListener.log Command line argument:             -Djdk.tls.ephemeralDHKeySize=2048
06-May-2023 18:29:32.974 INFO [main] org.apache.catalina.startup.VersionLoggerListener.log Command line argument:             -Djava.protocol.handler.pkgs=org.apache.catalina.webresources
06-May-2023 18:29:32.974 INFO [main] org.apache.catalina.startup.VersionLoggerListener.log Command line argument:             --add-opens=java.base/java.lang=ALL-UNNAMED
06-May-2023 18:29:32.974 INFO [main] org.apache.catalina.startup.VersionLoggerListener.log Command line argument:             --add-opens=java.base/java.io=ALL-UNNAMED
06-May-2023 18:29:32.974 INFO [main] org.apache.catalina.startup.VersionLoggerListener.log Command line argument:             --add-opens=java.base/java.util=ALL-UNNAMED
06-May-2023 18:29:32.974 INFO [main] org.apache.catalina.startup.VersionLoggerListener.log Command line argument:             --add-opens=java.base/java.util.concurrent=ALL-UNNAMED
06-May-2023 18:29:32.974 INFO [main] org.apache.catalina.startup.VersionLoggerListener.log Command line argument:             --add-opens=java.rmi/sun.rmi.transport=ALL-UNNAMED
06-May-2023 18:29:32.974 INFO [main] org.apache.catalina.startup.VersionLoggerListener.log Command line argument:             -Dcatalina.base=C:\Users\User\Documents\apache-tomcat-10.1.8
06-May-2023 18:29:32.974 INFO [main] org.apache.catalina.startup.VersionLoggerListener.log Command line argument:             -Dcatalina.home=C:\Users\User\Documents\apache-tomcat-10.1.8
06-May-2023 18:29:32.974 INFO [main] org.apache.catalina.startup.VersionLoggerListener.log Command line argument:             -Djava.io.tmpdir=C:\Users\User\Documents\apache-tomcat-10.1.8\temp
06-May-2023 18:29:33.084 INFO [main] org.apache.catalina.core.AprLifecycleListener.lifecycleEvent Cargada la biblioteca nativa APR de Apache Tomcat [2.0.3] con la versión APR [1.7.2].
06-May-2023 18:29:33.194 INFO [main] org.apache.catalina.core.AprLifecycleListener.initializeSSL OpenSSL inicializado correctamente [OpenSSL 3.0.8 7 Feb 2023]
06-May-2023 18:29:34.104 INFO [main] org.apache.coyote.AbstractProtocol.init Inicializando el manejador de protocolo ["http-nio-8080"]

06-May-2023 18:29:34.292 INFO [main] org.apache.catalina.startup.Catalina.load Server initialization in [2567] milliseconds
06-May-2023 18:29:34.539 INFO [main] org.apache.catalina.core.StandardService.startInternal Arrancando servicio [Catalina]
06-May-2023 18:29:34.539 INFO [main] org.apache.catalina.core.StandardEngine.startInternal Starting Servlet engine: [Apache Tomcat/10.1.8]
06-May-2023 18:29:34.590 INFO [main] org.apache.catalina.startup.HostConfig.deployDescriptor Desplieque del descriptor de configuración [C:\Users\User\Documents\apache-tomcat-10.1.8\conf\Catalina\localhost\SistemasVentasWeb.xml]
06-May-2023 18:29:34.640 WARNING [main] org.apache.catalina.startup.HostConfig.deployDescriptor The path attribute with value [/SistemasVentasWeb] in deployment descriptor [C:\Users\User\Documents\apache-tomcat-10.1.8\conf\Catalina\localhost\SistemasVentasWeb.xml] has been ignored
06-May-2023 18:29:36.583 INFO [main] org.apache.jasper.servlet.TldScanner.scanJars Al menos un JAR, que se ha explorado buscando TLDs, aún no contenía TLDs. Activar historial de depuración para este historiador para una completa lista de los JARs que fueron explorados y de los que nos se halló TLDs. Saltarse JARs no necesarios durante la exploración puede dar lugar a una mejora de tiempo significativa en el arranque y compilación de JSP .
06-May-2023 18:29:36.913 WARNING [main] org.apache.catalina.util.SessionIdGeneratorBase.createSecureRandom Creation of SecureRandom instance for session ID generation using [SHA1PRNG] took [251] milliseconds.
06-May-2023 18:29:37.007 INFO [main] org.apache.catalina.startup.HostConfig.deployDescriptor Deployment of deployment descriptor [C:\Users\User\Documents\apache-tomcat-10.1.8\conf\Catalina\localhost\SistemasVentasWeb.xml] has finished in [2.417] ms
06-May-2023 18:29:37.007 INFO [main] org.apache.catalina.startup.HostConfig.deployDirectory Desplegando el directorio [C:\Users\User\Documents\apache-tomcat-10.1.8\webapps\docs] de la aplicación web
06-May-2023 18:29:37.148 INFO [main] org.apache.catalina.startup.HostConfig.deployDirectory Deployment of web application directory [C:\Users\User\Documents\apache-tomcat-10.1.8\webapps\docs] has finished in [141] ms
06-May-2023 18:29:37.148 INFO [main] org.apache.catalina.startup.HostConfig.deployDirectory Desplegando el directorio [C:\Users\User\Documents\apache-tomcat-10.1.8\webapps\examples] de la aplicación web
06-May-2023 18:29:39.611 INFO [main] org.apache.catalina.startup.HostConfig.deployDirectory Deployment of web application directory [C:\Users\User\Documents\apache-tomcat-10.1.8\webapps\examples] has finished in [2.463] ms
06-May-2023 18:29:39.611 INFO [main] org.apache.catalina.startup.HostConfig.deployDirectory Desplegando el directorio [C:\Users\User\Documents\apache-tomcat-10.1.8\webapps\host-manager] de la aplicación web
06-May-2023 18:29:39.878 INFO [main] org.apache.catalina.startup.HostConfig.deployDirectory Deployment of web application directory [C:\Users\User\Documents\apache-tomcat-10.1.8\webapps\host-manager] has finished in [267] ms
06-May-2023 18:29:39.878 INFO [main] org.apache.catalina.startup.HostConfig.deployDirectory Desplegando el directorio [C:\Users\User\Documents\apache-tomcat-10.1.8\webapps\manager] de la aplicación web
06-May-2023 18:29:40.003 INFO [main] org.apache.catalina.startup.HostConfig.deployDirectory Deployment of web application directory [C:\Users\User\Documents\apache-tomcat-10.1.8\webapps\manager] has finished in [125] ms
06-May-2023 18:29:40.003 INFO [main] org.apache.catalina.startup.HostConfig.deployDirectory Desplegando el directorio [C:\Users\User\Documents\apache-tomcat-10.1.8\webapps\ROOT] de la aplicación web
06-May-2023 18:29:40.113 INFO [main] org.apache.catalina.startup.HostConfig.deployDirectory Deployment of web application directory [C:\Users\User\Documents\apache-tomcat-10.1.8\webapps\ROOT] has finished in [110] ms
06-May-2023 18:29:40.129 INFO [main] org.apache.coyote.AbstractProtocol.start Starting ProtocolHandler ["http-nio-8080"]
06-May-2023 18:29:40.453 INFO [main] org.apache.catalina.startup.Catalina.start Server startup in [6152] milliseconds
